#
# There is insufficient memory for the Java Runtime Environment to continue.
# Native memory allocation (mmap) failed to map 266338304 bytes for G1 virtual space
# Possible reasons:
#   The system is out of physical RAM or swap space
#   The process is running with CompressedOops enabled, and the Java Heap may be blocking the growth of the native heap
# Possible solutions:
#   Reduce memory load on the system
#   Increase physical memory or swap space
#   Check if swap backing store is full
#   Decrease Java heap size (-Xmx/-Xms)
#   Decrease number of Java threads
#   Decrease Java thread stack sizes (-Xss)
#   Set larger code cache with -XX:ReservedCodeCacheSize=
#   JVM is running with Zero Based Compressed Oops mode in which the Java heap is
#     placed in the first 32GB address space. The Java Heap base address is the
#     maximum limit for the native heap growth. Please use -XX:HeapBaseMinAddress
#     to set the Java Heap base and to place the Java Heap above 32GB virtual address.
# This output file may be truncated or incomplete.
#
#  Out of Memory Error (os_windows.cpp:3550), pid=10512, tid=22824
#
# JRE version:  (17.0.8+9) (build )
# Java VM: Java HotSpot(TM) 64-Bit Server VM (17.0.8+9-LTS-211, mixed mode, sharing, tiered, compressed oops, compressed class ptrs, g1 gc, windows-amd64)
# No core dump will be written. Minidumps are not enabled by default on client versions of Windows
#

---------------  S U M M A R Y ------------

Command Line: -Dnet.bytebuddy.agent.attacher.dump= net.bytebuddy.agent.Attacher com.sun.tools.attach.VirtualMachine 20160 C:\Users\LTerziev\.m2\repository\net\bytebuddy\byte-buddy-agent\1.14.11\byte-buddy-agent-1.14.11.jar false 

Host: 11th Gen Intel(R) Core(TM) i5-1135G7 @ 2.40GHz, 8 cores, 15G,  Windows 10 , 64 bit Build 19041 (10.0.19041.3636)
Time: Fri May 10 08:55:54 2024 FLE Daylight Time elapsed time: 0.057555 seconds (0d 0h 0m 0s)

---------------  T H R E A D  ---------------

Current thread (0x000002395f9ae490):  JavaThread "Unknown thread" [_thread_in_vm, id=22824, stack(0x0000006612300000,0x0000006612400000)]

Stack: [0x0000006612300000,0x0000006612400000]
Native frames: (J=compiled Java code, j=interpreted, Vv=VM code, C=native code)
V  [jvm.dll+0x677d0a]
V  [jvm.dll+0x7d8c54]
V  [jvm.dll+0x7da3fe]
V  [jvm.dll+0x7daa63]
V  [jvm.dll+0x245c5f]
V  [jvm.dll+0x674bb9]
V  [jvm.dll+0x6694f2]
V  [jvm.dll+0x3031d6]
V  [jvm.dll+0x30a756]
V  [jvm.dll+0x359f9e]
V  [jvm.dll+0x35a1cf]
V  [jvm.dll+0x2da3e8]
V  [jvm.dll+0x2db354]
V  [jvm.dll+0x7aa711]
V  [jvm.dll+0x367b51]
V  [jvm.dll+0x789979]
V  [jvm.dll+0x3eb05f]
V  [jvm.dll+0x3ecae1]
C  [jli.dll+0x5297]
C  [ucrtbase.dll+0x21bb2]
C  [KERNEL32.DLL+0x17344]
C  [ntdll.dll+0x526b1]


---------------  P R O C E S S  ---------------

Threads class SMR info:
_java_thread_list=0x00007ffbc2ee59d8, length=0, elements={
}

Java Threads: ( => current thread )

Other Threads:
  0x000002395fa13480 GCTaskThread "GC Thread#0" [stack: 0x0000006612400000,0x0000006612500000] [id=23500]
  0x000002395fa23f60 ConcurrentGCThread "G1 Main Marker" [stack: 0x0000006612500000,0x0000006612600000] [id=19588]
  0x000002395fa24880 ConcurrentGCThread "G1 Conc#0" [stack: 0x0000006612600000,0x0000006612700000] [id=14812]

[error occurred during error reporting (printing all threads), id 0xc0000005, EXCEPTION_ACCESS_VIOLATION (0xc0000005) at pc=0x00007ffbc271b047]

VM state: not at safepoint (not fully initialized)

VM Mutex/Monitor currently owned by a thread:  ([mutex/lock_event])
[0x000002395f9a8f30] Heap_lock - owner thread: 0x000002395f9ae490

Heap address: 0x0000000703600000, size: 4042 MB, Compressed Oops mode: Zero based, Oop shift amount: 3

CDS archive(s) mapped at: [0x0000000000000000-0x0000000000000000-0x0000000000000000), size 0, SharedBaseAddress: 0x0000000800000000, ArchiveRelocationMode: 1.
Narrow klass base: 0x0000000000000000, Narrow klass shift: 0, Narrow klass range: 0x0

GC Precious Log:
<Empty>

Heap:
 garbage-first heap   total 0K, used 0K [0x0000000703600000, 0x0000000800000000)
  region size 2048K, 0 young (0K), 0 survivors (0K)

[error occurred during error reporting (printing heap information), id 0xc0000005, EXCEPTION_ACCESS_VIOLATION (0xc0000005) at pc=0x00007ffbc2b01499]

GC Heap History (0 events):
No events

Deoptimization events (0 events):
No events

Classes unloaded (0 events):
No events

Classes redefined (0 events):
No events

Internal exceptions (0 events):
No events

VM Operations (0 events):
No events

Events (1 events):
Event: 0.048 Loaded shared library C:\Program Files\Java\jdk-17\bin\java.dll


Dynamic libraries:
0x00007ff774a20000 - 0x00007ff774a30000 	C:\Program Files\Java\jdk-17\bin\java.exe
0x00007ffc5d790000 - 0x00007ffc5d988000 	C:\windows\SYSTEM32\ntdll.dll
0x00007ffc5bae0000 - 0x00007ffc5bb9d000 	C:\windows\System32\KERNEL32.DLL
0x00007ffc5aee0000 - 0x00007ffc5b1d6000 	C:\windows\System32\KERNELBASE.dll
0x00000000748e0000 - 0x000000007497d000 	C:\ProgramData\Symantec\Symantec Endpoint Protection\14.3.9210.6000.105\Data\Sysfer\x64\sysfer.dll
0x00007ffc5b210000 - 0x00007ffc5b310000 	C:\windows\System32\ucrtbase.dll
0x00007ffbf61a0000 - 0x00007ffbf61bb000 	C:\Program Files\Java\jdk-17\bin\VCRUNTIME140.dll
0x00007ffbf6180000 - 0x00007ffbf6199000 	C:\Program Files\Java\jdk-17\bin\jli.dll
0x00007ffc5b9a0000 - 0x00007ffc5ba50000 	C:\windows\System32\ADVAPI32.dll
0x00007ffc5bc80000 - 0x00007ffc5bd1e000 	C:\windows\System32\msvcrt.dll
0x00007ffc5bfd0000 - 0x00007ffc5c070000 	C:\windows\System32\sechost.dll
0x00007ffc5b870000 - 0x00007ffc5b993000 	C:\windows\System32\RPCRT4.dll
0x00007ffc5b6b0000 - 0x00007ffc5b6d7000 	C:\windows\System32\bcrypt.dll
0x00007ffc5bd80000 - 0x00007ffc5bf1f000 	C:\windows\System32\USER32.dll
0x00007ffc5b1e0000 - 0x00007ffc5b202000 	C:\windows\System32\win32u.dll
0x00007ffc39a20000 - 0x00007ffc39cba000 	C:\windows\WinSxS\amd64_microsoft.windows.common-controls_6595b64144ccf1df_6.0.19041.3636_none_60b6a03d71f818d5\COMCTL32.dll
0x00007ffc5c220000 - 0x00007ffc5c24b000 	C:\windows\System32\GDI32.dll
0x00007ffc5b470000 - 0x00007ffc5b587000 	C:\windows\System32\gdi32full.dll
0x00007ffc5ae40000 - 0x00007ffc5aedd000 	C:\windows\System32\msvcp_win.dll
0x00007ffc53360000 - 0x00007ffc5336a000 	C:\windows\SYSTEM32\VERSION.dll
0x00007ffc5d740000 - 0x00007ffc5d748000 	C:\windows\System32\psapi.dll
0x00007ffc5bf20000 - 0x00007ffc5bf52000 	C:\windows\System32\IMM32.DLL
0x00007ffbf6170000 - 0x00007ffbf617c000 	C:\Program Files\Java\jdk-17\bin\vcruntime140_1.dll
0x00007ffbf60e0000 - 0x00007ffbf616e000 	C:\Program Files\Java\jdk-17\bin\msvcp140.dll
0x00007ffbc2430000 - 0x00007ffbc300e000 	C:\Program Files\Java\jdk-17\bin\server\jvm.dll
0x00007ffc2be20000 - 0x00007ffc2be29000 	C:\windows\SYSTEM32\WSOCK32.dll
0x00007ffc5c250000 - 0x00007ffc5c2bb000 	C:\windows\System32\WS2_32.dll
0x00007ffc37930000 - 0x00007ffc37957000 	C:\windows\SYSTEM32\WINMM.dll
0x00007ffc59350000 - 0x00007ffc59362000 	C:\windows\SYSTEM32\kernel.appcore.dll
0x00007ffbf60d0000 - 0x00007ffbf60da000 	C:\Program Files\Java\jdk-17\bin\jimage.dll
0x00007ffc58890000 - 0x00007ffc58a74000 	C:\windows\SYSTEM32\DBGHELP.DLL
0x00007ffc1b9d0000 - 0x00007ffc1ba04000 	C:\windows\SYSTEM32\dbgcore.DLL
0x00007ffc5b6e0000 - 0x00007ffc5b762000 	C:\windows\System32\bcryptPrimitives.dll
0x00007ffbf60a0000 - 0x00007ffbf60c5000 	C:\Program Files\Java\jdk-17\bin\java.dll

dbghelp: loaded successfully - version: 4.0.5 - missing functions: none
symbol engine: initialized successfully - sym options: 0x614 - pdb path: .;C:\Program Files\Java\jdk-17\bin;C:\windows\SYSTEM32;C:\ProgramData\Symantec\Symantec Endpoint Protection\14.3.9210.6000.105\Data\Sysfer\x64;C:\windows\WinSxS\amd64_microsoft.windows.common-controls_6595b64144ccf1df_6.0.19041.3636_none_60b6a03d71f818d5;C:\Program Files\Java\jdk-17\bin\server

VM Arguments:
jvm_args: -Dnet.bytebuddy.agent.attacher.dump= 
java_command: net.bytebuddy.agent.Attacher com.sun.tools.attach.VirtualMachine 20160 C:\Users\LTerziev\.m2\repository\net\bytebuddy\byte-buddy-agent\1.14.11\byte-buddy-agent-1.14.11.jar false 
java_class_path (initial): C:\Users\LTerziev\.m2\repository\net\bytebuddy\byte-buddy-agent\1.14.11\byte-buddy-agent-1.14.11.jar
Launcher Type: SUN_STANDARD

[Global flags]
     intx CICompilerCount                          = 4                                         {product} {ergonomic}
     uint ConcGCThreads                            = 2                                         {product} {ergonomic}
     uint G1ConcRefinementThreads                  = 8                                         {product} {ergonomic}
   size_t G1HeapRegionSize                         = 2097152                                   {product} {ergonomic}
    uintx GCDrainStackTargetSize                   = 64                                        {product} {ergonomic}
   size_t InitialHeapSize                          = 266338304                                 {product} {ergonomic}
   size_t MarkStackSize                            = 4194304                                   {product} {ergonomic}
   size_t MaxHeapSize                              = 4238344192                                {product} {ergonomic}
   size_t MinHeapDeltaBytes                        = 2097152                                   {product} {ergonomic}
   size_t MinHeapSize                              = 8388608                                   {product} {ergonomic}
    uintx NonNMethodCodeHeapSize                   = 5839372                                {pd product} {ergonomic}
    uintx NonProfiledCodeHeapSize                  = 122909434                              {pd product} {ergonomic}
    uintx ProfiledCodeHeapSize                     = 122909434                              {pd product} {ergonomic}
    uintx ReservedCodeCacheSize                    = 251658240                              {pd product} {ergonomic}
     bool SegmentedCodeCache                       = true                                      {product} {ergonomic}
   size_t SoftMaxHeapSize                          = 4238344192                             {manageable} {ergonomic}
     bool UseCompressedClassPointers               = true                           {product lp64_product} {ergonomic}
     bool UseCompressedOops                        = true                           {product lp64_product} {ergonomic}
     bool UseG1GC                                  = true                                      {product} {ergonomic}
     bool UseLargePagesIndividualAllocation        = false                                  {pd product} {ergonomic}

Logging:
Log output configuration:
 #0: stdout all=warning uptime,level,tags
 #1: stderr all=off uptime,level,tags

Environment Variables:
PATH=C:\Program Files\Microsoft MPI\Bin\;C:\Program Files\Common Files\Oracle\Java\javapath;C:\Program Files (x86)\Common Files\Oracle\Java\javapath;C:\windows\system32;C:\windows;C:\windows\System32\Wbem;C:\windows\System32\WindowsPowerShell\v1.0\;C:\windows\System32\OpenSSH\;C:\Program Files (x86)\Sennheiser\SenncomSDK\;C:\Program Files\Docker\Docker\resources\bin;C:\Program Files\Git\cmd;C:\Program Files (x86)\Microsoft SQL Server\160\DTS\Binn\;C:\Program Files (x86)\Microsoft SQL Server\160\Tools\Binn\;C:\Program Files\Microsoft SQL Server\160\Tools\Binn\;C:\Program Files\Microsoft SQL Server\Client SDK\ODBC\170\Tools\Binn\;C:\Program Files\Microsoft SQL Server\160\DTS\Binn\;%MAVEN_HOME%\bin;C:\Users\LTerziev\AppData\Local\Microsoft\WindowsApps;
USERNAME=LTerziev
OS=Windows_NT
PROCESSOR_IDENTIFIER=Intel64 Family 6 Model 140 Stepping 1, GenuineIntel



---------------  S Y S T E M  ---------------

OS:
 Windows 10 , 64 bit Build 19041 (10.0.19041.3636)
OS uptime: 0 days 22:48 hours
Hyper-V role detected

CPU: total 8 (initial active 8) (4 cores per cpu, 2 threads per core) family 6 model 140 stepping 1 microcode 0x9a, cx8, cmov, fxsr, ht, mmx, 3dnowpref, sse, sse2, sse3, ssse3, sse4.1, sse4.2, popcnt, lzcnt, tsc, tscinvbit, avx, avx2, aes, erms, clmul, bmi1, bmi2, adx, avx512f, avx512dq, avx512cd, avx512bw, avx512vl, sha, fma, vzeroupper, avx512_vpopcntdq, avx512_vpclmulqdq, avx512_vaes, avx512_vnni, clflush, clflushopt, clwb, avx512_vbmi2, avx512_vbmi, hv

Memory: 4k page, system-wide physical 16167M (534M free)
TotalPageFile size 20263M (AvailPageFile size 86M)
current process WorkingSet (physical memory assigned to process): 11M, peak: 11M
current process commit charge ("private bytes"): 60M, peak: 314M

vm_info: Java HotSpot(TM) 64-Bit Server VM (17.0.8+9-LTS-211) for windows-amd64 JRE (17.0.8+9-LTS-211), built on Jun 14 2023 10:34:31 by "mach5one" with MS VC++ 17.1 (VS2022)

END.
