#
# There is insufficient memory for the Java Runtime Environment to continue.
# Native memory allocation (malloc) failed to allocate 440544 bytes for Chunk::new
# Possible reasons:
#   The system is out of physical RAM or swap space
#   The process is running with CompressedOops enabled, and the Java Heap may be blocking the growth of the native heap
# Possible solutions:
#   Reduce memory load on the system
#   Increase physical memory or swap space
#   Check if swap backing store is full
#   Decrease Java heap size (-Xmx/-Xms)
#   Decrease number of Java threads
#   Decrease Java thread stack sizes (-Xss)
#   Set larger code cache with -XX:ReservedCodeCacheSize=
#   JVM is running with Zero Based Compressed Oops mode in which the Java heap is
#     placed in the first 32GB address space. The Java Heap base address is the
#     maximum limit for the native heap growth. Please use -XX:HeapBaseMinAddress
#     to set the Java Heap base and to place the Java Heap above 32GB virtual address.
# This output file may be truncated or incomplete.
#
#  Out of Memory Error (arena.cpp:189), pid=16204, tid=17256
#
# JRE version: Java(TM) SE Runtime Environment (17.0.8+9) (build 17.0.8+9-LTS-211)
# Java VM: Java HotSpot(TM) 64-Bit Server VM (17.0.8+9-LTS-211, mixed mode, tiered, compressed oops, compressed class ptrs, g1 gc, windows-amd64)
# No core dump will be written. Minidumps are not enabled by default on client versions of Windows
#

---------------  S U M M A R Y ------------

Command Line: -Dnet.bytebuddy.agent.attacher.dump= net.bytebuddy.agent.Attacher com.sun.tools.attach.VirtualMachine 13960 C:\Users\LTerziev\.m2\repository\net\bytebuddy\byte-buddy-agent\1.14.11\byte-buddy-agent-1.14.11.jar false 

Host: 11th Gen Intel(R) Core(TM) i5-1135G7 @ 2.40GHz, 8 cores, 15G,  Windows 10 , 64 bit Build 19041 (10.0.19041.3636)
Time: Mon May 13 09:30:19 2024 FLE Daylight Time elapsed time: 0.405595 seconds (0d 0h 0m 0s)

---------------  T H R E A D  ---------------

Current thread (0x00000174916f3c70):  JavaThread "C2 CompilerThread0" daemon [_thread_in_native, id=17256, stack(0x0000006b02600000,0x0000006b02700000)]


Current CompileTask:
C2:    405  278       4       java.io.StreamTokenizer::nextToken (1266 bytes)

Stack: [0x0000006b02600000,0x0000006b02700000]
Native frames: (J=compiled Java code, j=interpreted, Vv=VM code, C=native code)
V  [jvm.dll+0x677d0a]
V  [jvm.dll+0x7d8c54]
V  [jvm.dll+0x7da3fe]
V  [jvm.dll+0x7daa63]
V  [jvm.dll+0x245c5f]
V  [jvm.dll+0xaaa6b]
V  [jvm.dll+0xab00c]
V  [jvm.dll+0x361e8e]
V  [jvm.dll+0x32c551]
V  [jvm.dll+0x32b9ea]
V  [jvm.dll+0x217fff]
V  [jvm.dll+0x217431]
V  [jvm.dll+0x1a3af0]
V  [jvm.dll+0x2270be]
V  [jvm.dll+0x22535b]
V  [jvm.dll+0x78e7bc]
V  [jvm.dll+0x788bba]
V  [jvm.dll+0x676b35]
C  [ucrtbase.dll+0x21bb2]
C  [KERNEL32.DLL+0x17344]
C  [ntdll.dll+0x526b1]


---------------  P R O C E S S  ---------------

Threads class SMR info:
_java_thread_list=0x0000017491839f00, length=12, elements={
0x00000174ee968ee0, 0x00000174916b5260, 0x00000174916b5e10, 0x00000174916c4f50,
0x00000174916c5910, 0x00000174916ef030, 0x00000174916ef9e0, 0x00000174916f3c70,
0x00000174916f4710, 0x00000174916f9110, 0x0000017491859c60, 0x0000017491877010
}

Java Threads: ( => current thread )
  0x00000174ee968ee0 JavaThread "main" [_thread_blocked, id=22572, stack(0x0000006b01900000,0x0000006b01a00000)]
  0x00000174916b5260 JavaThread "Reference Handler" daemon [_thread_blocked, id=25580, stack(0x0000006b02000000,0x0000006b02100000)]
  0x00000174916b5e10 JavaThread "Finalizer" daemon [_thread_blocked, id=18768, stack(0x0000006b02100000,0x0000006b02200000)]
  0x00000174916c4f50 JavaThread "Signal Dispatcher" daemon [_thread_blocked, id=3360, stack(0x0000006b02200000,0x0000006b02300000)]
  0x00000174916c5910 JavaThread "Attach Listener" daemon [_thread_blocked, id=10312, stack(0x0000006b02300000,0x0000006b02400000)]
  0x00000174916ef030 JavaThread "Service Thread" daemon [_thread_blocked, id=9564, stack(0x0000006b02400000,0x0000006b02500000)]
  0x00000174916ef9e0 JavaThread "Monitor Deflation Thread" daemon [_thread_blocked, id=20768, stack(0x0000006b02500000,0x0000006b02600000)]
=>0x00000174916f3c70 JavaThread "C2 CompilerThread0" daemon [_thread_in_native, id=17256, stack(0x0000006b02600000,0x0000006b02700000)]
  0x00000174916f4710 JavaThread "C1 CompilerThread0" daemon [_thread_blocked, id=21324, stack(0x0000006b02700000,0x0000006b02800000)]
  0x00000174916f9110 JavaThread "Sweeper thread" daemon [_thread_blocked, id=19196, stack(0x0000006b02800000,0x0000006b02900000)]
  0x0000017491859c60 JavaThread "Notification Thread" daemon [_thread_blocked, id=9264, stack(0x0000006b02900000,0x0000006b02a00000)]
  0x0000017491877010 JavaThread "Common-Cleaner" daemon [_thread_blocked, id=24408, stack(0x0000006b02b00000,0x0000006b02c00000)]

Other Threads:
  0x000001749162ac30 VMThread "VM Thread" [stack: 0x0000006b01f00000,0x0000006b02000000] [id=4208]
  0x00000174ee9f4f70 WatcherThread [stack: 0x0000006b02a00000,0x0000006b02b00000] [id=10508]
  0x00000174ee9d3f30 GCTaskThread "GC Thread#0" [stack: 0x0000006b01a00000,0x0000006b01b00000] [id=20288]
  0x00000174ee9e4b00 ConcurrentGCThread "G1 Main Marker" [stack: 0x0000006b01b00000,0x0000006b01c00000] [id=23724]
  0x00000174ee9e6080 ConcurrentGCThread "G1 Conc#0" [stack: 0x0000006b01c00000,0x0000006b01d00000] [id=12748]
  0x00000174914d2160 ConcurrentGCThread "G1 Refine#0" [stack: 0x0000006b01d00000,0x0000006b01e00000] [id=1796]
  0x00000174914d2b80 ConcurrentGCThread "G1 Service" [stack: 0x0000006b01e00000,0x0000006b01f00000] [id=18968]

Threads with active compile tasks:
C2 CompilerThread0      475  278       4       java.io.StreamTokenizer::nextToken (1266 bytes)

VM state: not at safepoint (normal execution)

VM Mutex/Monitor currently owned by a thread: None

Heap address: 0x0000000703600000, size: 4042 MB, Compressed Oops mode: Zero based, Oop shift amount: 3

CDS archive(s) not mapped
Compressed class space mapped at: 0x0000000800000000-0x0000000840000000, reserved size: 1073741824
Narrow klass base: 0x0000000800000000, Narrow klass shift: 0, Narrow klass range: 0x40000000

GC Precious Log:
 CPUs: 8 total, 8 available
 Memory: 16167M
 Large Page Support: Disabled
 NUMA Support: Disabled
 Compressed Oops: Enabled (Zero based)
 Heap Region Size: 2M
 Heap Min Capacity: 8M
 Heap Initial Capacity: 254M
 Heap Max Capacity: 4042M
 Pre-touch: Disabled
 Parallel Workers: 8
 Concurrent Workers: 2
 Concurrent Refinement Workers: 8
 Periodic GC: Disabled

Heap:
 garbage-first heap   total 260096K, used 2048K [0x0000000703600000, 0x0000000800000000)
  region size 2048K, 2 young (4096K), 0 survivors (0K)
 Metaspace       used 7385K, committed 7552K, reserved 1114112K
  class space    used 646K, committed 704K, reserved 1048576K

Heap Regions: E=young(eden), S=young(survivor), O=old, HS=humongous(starts), HC=humongous(continues), CS=collection set, F=free, OA=open archive, CA=closed archive, TAMS=top-at-mark-start (previous, next)
|   0|0x0000000703600000, 0x0000000703600000, 0x0000000703800000|  0%| F|  |TAMS 0x0000000703600000, 0x0000000703600000| Untracked 
|   1|0x0000000703800000, 0x0000000703800000, 0x0000000703a00000|  0%| F|  |TAMS 0x0000000703800000, 0x0000000703800000| Untracked 
|   2|0x0000000703a00000, 0x0000000703a00000, 0x0000000703c00000|  0%| F|  |TAMS 0x0000000703a00000, 0x0000000703a00000| Untracked 
|   3|0x0000000703c00000, 0x0000000703c00000, 0x0000000703e00000|  0%| F|  |TAMS 0x0000000703c00000, 0x0000000703c00000| Untracked 
|   4|0x0000000703e00000, 0x0000000703e00000, 0x0000000704000000|  0%| F|  |TAMS 0x0000000703e00000, 0x0000000703e00000| Untracked 
|   5|0x0000000704000000, 0x0000000704000000, 0x0000000704200000|  0%| F|  |TAMS 0x0000000704000000, 0x0000000704000000| Untracked 
|   6|0x0000000704200000, 0x0000000704200000, 0x0000000704400000|  0%| F|  |TAMS 0x0000000704200000, 0x0000000704200000| Untracked 
|   7|0x0000000704400000, 0x0000000704400000, 0x0000000704600000|  0%| F|  |TAMS 0x0000000704400000, 0x0000000704400000| Untracked 
|   8|0x0000000704600000, 0x0000000704600000, 0x0000000704800000|  0%| F|  |TAMS 0x0000000704600000, 0x0000000704600000| Untracked 
|   9|0x0000000704800000, 0x0000000704800000, 0x0000000704a00000|  0%| F|  |TAMS 0x0000000704800000, 0x0000000704800000| Untracked 
|  10|0x0000000704a00000, 0x0000000704a00000, 0x0000000704c00000|  0%| F|  |TAMS 0x0000000704a00000, 0x0000000704a00000| Untracked 
|  11|0x0000000704c00000, 0x0000000704c00000, 0x0000000704e00000|  0%| F|  |TAMS 0x0000000704c00000, 0x0000000704c00000| Untracked 
|  12|0x0000000704e00000, 0x0000000704e00000, 0x0000000705000000|  0%| F|  |TAMS 0x0000000704e00000, 0x0000000704e00000| Untracked 
|  13|0x0000000705000000, 0x0000000705000000, 0x0000000705200000|  0%| F|  |TAMS 0x0000000705000000, 0x0000000705000000| Untracked 
|  14|0x0000000705200000, 0x0000000705200000, 0x0000000705400000|  0%| F|  |TAMS 0x0000000705200000, 0x0000000705200000| Untracked 
|  15|0x0000000705400000, 0x0000000705400000, 0x0000000705600000|  0%| F|  |TAMS 0x0000000705400000, 0x0000000705400000| Untracked 
|  16|0x0000000705600000, 0x0000000705600000, 0x0000000705800000|  0%| F|  |TAMS 0x0000000705600000, 0x0000000705600000| Untracked 
|  17|0x0000000705800000, 0x0000000705800000, 0x0000000705a00000|  0%| F|  |TAMS 0x0000000705800000, 0x0000000705800000| Untracked 
|  18|0x0000000705a00000, 0x0000000705a00000, 0x0000000705c00000|  0%| F|  |TAMS 0x0000000705a00000, 0x0000000705a00000| Untracked 
|  19|0x0000000705c00000, 0x0000000705c00000, 0x0000000705e00000|  0%| F|  |TAMS 0x0000000705c00000, 0x0000000705c00000| Untracked 
|  20|0x0000000705e00000, 0x0000000705e00000, 0x0000000706000000|  0%| F|  |TAMS 0x0000000705e00000, 0x0000000705e00000| Untracked 
|  21|0x0000000706000000, 0x0000000706000000, 0x0000000706200000|  0%| F|  |TAMS 0x0000000706000000, 0x0000000706000000| Untracked 
|  22|0x0000000706200000, 0x0000000706200000, 0x0000000706400000|  0%| F|  |TAMS 0x0000000706200000, 0x0000000706200000| Untracked 
|  23|0x0000000706400000, 0x0000000706400000, 0x0000000706600000|  0%| F|  |TAMS 0x0000000706400000, 0x0000000706400000| Untracked 
|  24|0x0000000706600000, 0x0000000706600000, 0x0000000706800000|  0%| F|  |TAMS 0x0000000706600000, 0x0000000706600000| Untracked 
|  25|0x0000000706800000, 0x0000000706800000, 0x0000000706a00000|  0%| F|  |TAMS 0x0000000706800000, 0x0000000706800000| Untracked 
|  26|0x0000000706a00000, 0x0000000706a00000, 0x0000000706c00000|  0%| F|  |TAMS 0x0000000706a00000, 0x0000000706a00000| Untracked 
|  27|0x0000000706c00000, 0x0000000706c00000, 0x0000000706e00000|  0%| F|  |TAMS 0x0000000706c00000, 0x0000000706c00000| Untracked 
|  28|0x0000000706e00000, 0x0000000706e00000, 0x0000000707000000|  0%| F|  |TAMS 0x0000000706e00000, 0x0000000706e00000| Untracked 
|  29|0x0000000707000000, 0x0000000707000000, 0x0000000707200000|  0%| F|  |TAMS 0x0000000707000000, 0x0000000707000000| Untracked 
|  30|0x0000000707200000, 0x0000000707200000, 0x0000000707400000|  0%| F|  |TAMS 0x0000000707200000, 0x0000000707200000| Untracked 
|  31|0x0000000707400000, 0x0000000707400000, 0x0000000707600000|  0%| F|  |TAMS 0x0000000707400000, 0x0000000707400000| Untracked 
|  32|0x0000000707600000, 0x0000000707600000, 0x0000000707800000|  0%| F|  |TAMS 0x0000000707600000, 0x0000000707600000| Untracked 
|  33|0x0000000707800000, 0x0000000707800000, 0x0000000707a00000|  0%| F|  |TAMS 0x0000000707800000, 0x0000000707800000| Untracked 
|  34|0x0000000707a00000, 0x0000000707a00000, 0x0000000707c00000|  0%| F|  |TAMS 0x0000000707a00000, 0x0000000707a00000| Untracked 
|  35|0x0000000707c00000, 0x0000000707c00000, 0x0000000707e00000|  0%| F|  |TAMS 0x0000000707c00000, 0x0000000707c00000| Untracked 
|  36|0x0000000707e00000, 0x0000000707e00000, 0x0000000708000000|  0%| F|  |TAMS 0x0000000707e00000, 0x0000000707e00000| Untracked 
|  37|0x0000000708000000, 0x0000000708000000, 0x0000000708200000|  0%| F|  |TAMS 0x0000000708000000, 0x0000000708000000| Untracked 
|  38|0x0000000708200000, 0x0000000708200000, 0x0000000708400000|  0%| F|  |TAMS 0x0000000708200000, 0x0000000708200000| Untracked 
|  39|0x0000000708400000, 0x0000000708400000, 0x0000000708600000|  0%| F|  |TAMS 0x0000000708400000, 0x0000000708400000| Untracked 
|  40|0x0000000708600000, 0x0000000708600000, 0x0000000708800000|  0%| F|  |TAMS 0x0000000708600000, 0x0000000708600000| Untracked 
|  41|0x0000000708800000, 0x0000000708800000, 0x0000000708a00000|  0%| F|  |TAMS 0x0000000708800000, 0x0000000708800000| Untracked 
|  42|0x0000000708a00000, 0x0000000708a00000, 0x0000000708c00000|  0%| F|  |TAMS 0x0000000708a00000, 0x0000000708a00000| Untracked 
|  43|0x0000000708c00000, 0x0000000708c00000, 0x0000000708e00000|  0%| F|  |TAMS 0x0000000708c00000, 0x0000000708c00000| Untracked 
|  44|0x0000000708e00000, 0x0000000708e00000, 0x0000000709000000|  0%| F|  |TAMS 0x0000000708e00000, 0x0000000708e00000| Untracked 
|  45|0x0000000709000000, 0x0000000709000000, 0x0000000709200000|  0%| F|  |TAMS 0x0000000709000000, 0x0000000709000000| Untracked 
|  46|0x0000000709200000, 0x0000000709200000, 0x0000000709400000|  0%| F|  |TAMS 0x0000000709200000, 0x0000000709200000| Untracked 
|  47|0x0000000709400000, 0x0000000709400000, 0x0000000709600000|  0%| F|  |TAMS 0x0000000709400000, 0x0000000709400000| Untracked 
|  48|0x0000000709600000, 0x0000000709600000, 0x0000000709800000|  0%| F|  |TAMS 0x0000000709600000, 0x0000000709600000| Untracked 
|  49|0x0000000709800000, 0x0000000709800000, 0x0000000709a00000|  0%| F|  |TAMS 0x0000000709800000, 0x0000000709800000| Untracked 
|  50|0x0000000709a00000, 0x0000000709a00000, 0x0000000709c00000|  0%| F|  |TAMS 0x0000000709a00000, 0x0000000709a00000| Untracked 
|  51|0x0000000709c00000, 0x0000000709c00000, 0x0000000709e00000|  0%| F|  |TAMS 0x0000000709c00000, 0x0000000709c00000| Untracked 
|  52|0x0000000709e00000, 0x0000000709e00000, 0x000000070a000000|  0%| F|  |TAMS 0x0000000709e00000, 0x0000000709e00000| Untracked 
|  53|0x000000070a000000, 0x000000070a000000, 0x000000070a200000|  0%| F|  |TAMS 0x000000070a000000, 0x000000070a000000| Untracked 
|  54|0x000000070a200000, 0x000000070a200000, 0x000000070a400000|  0%| F|  |TAMS 0x000000070a200000, 0x000000070a200000| Untracked 
|  55|0x000000070a400000, 0x000000070a400000, 0x000000070a600000|  0%| F|  |TAMS 0x000000070a400000, 0x000000070a400000| Untracked 
|  56|0x000000070a600000, 0x000000070a600000, 0x000000070a800000|  0%| F|  |TAMS 0x000000070a600000, 0x000000070a600000| Untracked 
|  57|0x000000070a800000, 0x000000070a800000, 0x000000070aa00000|  0%| F|  |TAMS 0x000000070a800000, 0x000000070a800000| Untracked 
|  58|0x000000070aa00000, 0x000000070aa00000, 0x000000070ac00000|  0%| F|  |TAMS 0x000000070aa00000, 0x000000070aa00000| Untracked 
|  59|0x000000070ac00000, 0x000000070ac00000, 0x000000070ae00000|  0%| F|  |TAMS 0x000000070ac00000, 0x000000070ac00000| Untracked 
|  60|0x000000070ae00000, 0x000000070ae00000, 0x000000070b000000|  0%| F|  |TAMS 0x000000070ae00000, 0x000000070ae00000| Untracked 
|  61|0x000000070b000000, 0x000000070b000000, 0x000000070b200000|  0%| F|  |TAMS 0x000000070b000000, 0x000000070b000000| Untracked 
|  62|0x000000070b200000, 0x000000070b200000, 0x000000070b400000|  0%| F|  |TAMS 0x000000070b200000, 0x000000070b200000| Untracked 
|  63|0x000000070b400000, 0x000000070b400000, 0x000000070b600000|  0%| F|  |TAMS 0x000000070b400000, 0x000000070b400000| Untracked 
|  64|0x000000070b600000, 0x000000070b600000, 0x000000070b800000|  0%| F|  |TAMS 0x000000070b600000, 0x000000070b600000| Untracked 
|  65|0x000000070b800000, 0x000000070b800000, 0x000000070ba00000|  0%| F|  |TAMS 0x000000070b800000, 0x000000070b800000| Untracked 
|  66|0x000000070ba00000, 0x000000070ba00000, 0x000000070bc00000|  0%| F|  |TAMS 0x000000070ba00000, 0x000000070ba00000| Untracked 
|  67|0x000000070bc00000, 0x000000070bc00000, 0x000000070be00000|  0%| F|  |TAMS 0x000000070bc00000, 0x000000070bc00000| Untracked 
|  68|0x000000070be00000, 0x000000070be00000, 0x000000070c000000|  0%| F|  |TAMS 0x000000070be00000, 0x000000070be00000| Untracked 
|  69|0x000000070c000000, 0x000000070c000000, 0x000000070c200000|  0%| F|  |TAMS 0x000000070c000000, 0x000000070c000000| Untracked 
|  70|0x000000070c200000, 0x000000070c200000, 0x000000070c400000|  0%| F|  |TAMS 0x000000070c200000, 0x000000070c200000| Untracked 
|  71|0x000000070c400000, 0x000000070c400000, 0x000000070c600000|  0%| F|  |TAMS 0x000000070c400000, 0x000000070c400000| Untracked 
|  72|0x000000070c600000, 0x000000070c600000, 0x000000070c800000|  0%| F|  |TAMS 0x000000070c600000, 0x000000070c600000| Untracked 
|  73|0x000000070c800000, 0x000000070c800000, 0x000000070ca00000|  0%| F|  |TAMS 0x000000070c800000, 0x000000070c800000| Untracked 
|  74|0x000000070ca00000, 0x000000070ca00000, 0x000000070cc00000|  0%| F|  |TAMS 0x000000070ca00000, 0x000000070ca00000| Untracked 
|  75|0x000000070cc00000, 0x000000070cc00000, 0x000000070ce00000|  0%| F|  |TAMS 0x000000070cc00000, 0x000000070cc00000| Untracked 
|  76|0x000000070ce00000, 0x000000070ce00000, 0x000000070d000000|  0%| F|  |TAMS 0x000000070ce00000, 0x000000070ce00000| Untracked 
|  77|0x000000070d000000, 0x000000070d000000, 0x000000070d200000|  0%| F|  |TAMS 0x000000070d000000, 0x000000070d000000| Untracked 
|  78|0x000000070d200000, 0x000000070d200000, 0x000000070d400000|  0%| F|  |TAMS 0x000000070d200000, 0x000000070d200000| Untracked 
|  79|0x000000070d400000, 0x000000070d400000, 0x000000070d600000|  0%| F|  |TAMS 0x000000070d400000, 0x000000070d400000| Untracked 
|  80|0x000000070d600000, 0x000000070d600000, 0x000000070d800000|  0%| F|  |TAMS 0x000000070d600000, 0x000000070d600000| Untracked 
|  81|0x000000070d800000, 0x000000070d800000, 0x000000070da00000|  0%| F|  |TAMS 0x000000070d800000, 0x000000070d800000| Untracked 
|  82|0x000000070da00000, 0x000000070da00000, 0x000000070dc00000|  0%| F|  |TAMS 0x000000070da00000, 0x000000070da00000| Untracked 
|  83|0x000000070dc00000, 0x000000070dc00000, 0x000000070de00000|  0%| F|  |TAMS 0x000000070dc00000, 0x000000070dc00000| Untracked 
|  84|0x000000070de00000, 0x000000070de00000, 0x000000070e000000|  0%| F|  |TAMS 0x000000070de00000, 0x000000070de00000| Untracked 
|  85|0x000000070e000000, 0x000000070e000000, 0x000000070e200000|  0%| F|  |TAMS 0x000000070e000000, 0x000000070e000000| Untracked 
|  86|0x000000070e200000, 0x000000070e200000, 0x000000070e400000|  0%| F|  |TAMS 0x000000070e200000, 0x000000070e200000| Untracked 
|  87|0x000000070e400000, 0x000000070e400000, 0x000000070e600000|  0%| F|  |TAMS 0x000000070e400000, 0x000000070e400000| Untracked 
|  88|0x000000070e600000, 0x000000070e600000, 0x000000070e800000|  0%| F|  |TAMS 0x000000070e600000, 0x000000070e600000| Untracked 
|  89|0x000000070e800000, 0x000000070e800000, 0x000000070ea00000|  0%| F|  |TAMS 0x000000070e800000, 0x000000070e800000| Untracked 
|  90|0x000000070ea00000, 0x000000070ea00000, 0x000000070ec00000|  0%| F|  |TAMS 0x000000070ea00000, 0x000000070ea00000| Untracked 
|  91|0x000000070ec00000, 0x000000070ec00000, 0x000000070ee00000|  0%| F|  |TAMS 0x000000070ec00000, 0x000000070ec00000| Untracked 
|  92|0x000000070ee00000, 0x000000070ee00000, 0x000000070f000000|  0%| F|  |TAMS 0x000000070ee00000, 0x000000070ee00000| Untracked 
|  93|0x000000070f000000, 0x000000070f000000, 0x000000070f200000|  0%| F|  |TAMS 0x000000070f000000, 0x000000070f000000| Untracked 
|  94|0x000000070f200000, 0x000000070f200000, 0x000000070f400000|  0%| F|  |TAMS 0x000000070f200000, 0x000000070f200000| Untracked 
|  95|0x000000070f400000, 0x000000070f400000, 0x000000070f600000|  0%| F|  |TAMS 0x000000070f400000, 0x000000070f400000| Untracked 
|  96|0x000000070f600000, 0x000000070f600000, 0x000000070f800000|  0%| F|  |TAMS 0x000000070f600000, 0x000000070f600000| Untracked 
|  97|0x000000070f800000, 0x000000070f800000, 0x000000070fa00000|  0%| F|  |TAMS 0x000000070f800000, 0x000000070f800000| Untracked 
|  98|0x000000070fa00000, 0x000000070fa00000, 0x000000070fc00000|  0%| F|  |TAMS 0x000000070fa00000, 0x000000070fa00000| Untracked 
|  99|0x000000070fc00000, 0x000000070fc00000, 0x000000070fe00000|  0%| F|  |TAMS 0x000000070fc00000, 0x000000070fc00000| Untracked 
| 100|0x000000070fe00000, 0x000000070fe00000, 0x0000000710000000|  0%| F|  |TAMS 0x000000070fe00000, 0x000000070fe00000| Untracked 
| 101|0x0000000710000000, 0x0000000710000000, 0x0000000710200000|  0%| F|  |TAMS 0x0000000710000000, 0x0000000710000000| Untracked 
| 102|0x0000000710200000, 0x0000000710200000, 0x0000000710400000|  0%| F|  |TAMS 0x0000000710200000, 0x0000000710200000| Untracked 
| 103|0x0000000710400000, 0x0000000710400000, 0x0000000710600000|  0%| F|  |TAMS 0x0000000710400000, 0x0000000710400000| Untracked 
| 104|0x0000000710600000, 0x0000000710600000, 0x0000000710800000|  0%| F|  |TAMS 0x0000000710600000, 0x0000000710600000| Untracked 
| 105|0x0000000710800000, 0x0000000710800000, 0x0000000710a00000|  0%| F|  |TAMS 0x0000000710800000, 0x0000000710800000| Untracked 
| 106|0x0000000710a00000, 0x0000000710a00000, 0x0000000710c00000|  0%| F|  |TAMS 0x0000000710a00000, 0x0000000710a00000| Untracked 
| 107|0x0000000710c00000, 0x0000000710c00000, 0x0000000710e00000|  0%| F|  |TAMS 0x0000000710c00000, 0x0000000710c00000| Untracked 
| 108|0x0000000710e00000, 0x0000000710e00000, 0x0000000711000000|  0%| F|  |TAMS 0x0000000710e00000, 0x0000000710e00000| Untracked 
| 109|0x0000000711000000, 0x0000000711000000, 0x0000000711200000|  0%| F|  |TAMS 0x0000000711000000, 0x0000000711000000| Untracked 
| 110|0x0000000711200000, 0x0000000711200000, 0x0000000711400000|  0%| F|  |TAMS 0x0000000711200000, 0x0000000711200000| Untracked 
| 111|0x0000000711400000, 0x0000000711400000, 0x0000000711600000|  0%| F|  |TAMS 0x0000000711400000, 0x0000000711400000| Untracked 
| 112|0x0000000711600000, 0x0000000711600000, 0x0000000711800000|  0%| F|  |TAMS 0x0000000711600000, 0x0000000711600000| Untracked 
| 113|0x0000000711800000, 0x0000000711800000, 0x0000000711a00000|  0%| F|  |TAMS 0x0000000711800000, 0x0000000711800000| Untracked 
| 114|0x0000000711a00000, 0x0000000711a00000, 0x0000000711c00000|  0%| F|  |TAMS 0x0000000711a00000, 0x0000000711a00000| Untracked 
| 115|0x0000000711c00000, 0x0000000711c00000, 0x0000000711e00000|  0%| F|  |TAMS 0x0000000711c00000, 0x0000000711c00000| Untracked 
| 116|0x0000000711e00000, 0x0000000711e00000, 0x0000000712000000|  0%| F|  |TAMS 0x0000000711e00000, 0x0000000711e00000| Untracked 
| 117|0x0000000712000000, 0x0000000712000000, 0x0000000712200000|  0%| F|  |TAMS 0x0000000712000000, 0x0000000712000000| Untracked 
| 118|0x0000000712200000, 0x0000000712200000, 0x0000000712400000|  0%| F|  |TAMS 0x0000000712200000, 0x0000000712200000| Untracked 
| 119|0x0000000712400000, 0x0000000712400000, 0x0000000712600000|  0%| F|  |TAMS 0x0000000712400000, 0x0000000712400000| Untracked 
| 120|0x0000000712600000, 0x0000000712600000, 0x0000000712800000|  0%| F|  |TAMS 0x0000000712600000, 0x0000000712600000| Untracked 
| 121|0x0000000712800000, 0x0000000712800000, 0x0000000712a00000|  0%| F|  |TAMS 0x0000000712800000, 0x0000000712800000| Untracked 
| 122|0x0000000712a00000, 0x0000000712a00000, 0x0000000712c00000|  0%| F|  |TAMS 0x0000000712a00000, 0x0000000712a00000| Untracked 
| 123|0x0000000712c00000, 0x0000000712c00000, 0x0000000712e00000|  0%| F|  |TAMS 0x0000000712c00000, 0x0000000712c00000| Untracked 
| 124|0x0000000712e00000, 0x0000000712e00000, 0x0000000713000000|  0%| F|  |TAMS 0x0000000712e00000, 0x0000000712e00000| Untracked 
| 125|0x0000000713000000, 0x00000007130e1cf8, 0x0000000713200000| 44%| E|  |TAMS 0x0000000713000000, 0x0000000713000000| Complete 
| 126|0x0000000713200000, 0x0000000713400000, 0x0000000713400000|100%| E|CS|TAMS 0x0000000713200000, 0x0000000713200000| Complete 

Card table byte_map: [0x00000174f6d00000,0x00000174f74f0000] _byte_map_base: 0x00000174f34e5000

Marking Bits (Prev, Next): (CMBitMap*) 0x00000174ee9d4540, (CMBitMap*) 0x00000174ee9d4580
 Prev Bits: [0x00000174f7ce0000, 0x00000174fbc08000)
 Next Bits: [0x00000174fbc10000, 0x00000174ffb38000)

Polling page: 0x00000174ec840000

Metaspace:

Usage:
  Non-class:      6.58 MB used.
      Class:    646.17 KB used.
       Both:      7.21 MB used.

Virtual space:
  Non-class space:       64.00 MB reserved,       6.69 MB ( 10%) committed,  1 nodes.
      Class space:        1.00 GB reserved,     704.00 KB ( <1%) committed,  1 nodes.
             Both:        1.06 GB reserved,       7.38 MB ( <1%) committed. 

Chunk freelists:
   Non-Class:  8.93 MB
       Class:  15.19 MB
        Both:  24.12 MB

MaxMetaspaceSize: unlimited
CompressedClassSpaceSize: 1.00 GB
Initial GC threshold: 21.00 MB
Current GC threshold: 21.00 MB
CDS: off
MetaspaceReclaimPolicy: balanced
 - commit_granule_bytes: 65536.
 - commit_granule_words: 8192.
 - virtual_space_node_default_size: 8388608.
 - enlarge_chunks_in_place: 1.
 - new_chunks_are_fully_committed: 0.
 - uncommit_free_chunks: 1.
 - use_allocation_guard: 0.
 - handle_deallocations: 1.


Internal statistics:

num_allocs_failed_limit: 0.
num_arena_births: 52.
num_arena_deaths: 0.
num_vsnodes_births: 2.
num_vsnodes_deaths: 0.
num_space_committed: 118.
num_space_uncommitted: 0.
num_chunks_returned_to_freelist: 0.
num_chunks_taken_from_freelist: 89.
num_chunk_merges: 0.
num_chunk_splits: 51.
num_chunks_enlarged: 31.
num_purges: 0.
num_inconsistent_stats: 0.

CodeHeap 'non-profiled nmethods': size=120000Kb used=108Kb max_used=108Kb free=119891Kb
 bounds [0x0000017487ad0000, 0x0000017487d40000, 0x000001748f000000]
CodeHeap 'profiled nmethods': size=120000Kb used=454Kb max_used=454Kb free=119545Kb
 bounds [0x0000017480000000, 0x0000017480270000, 0x0000017487530000]
CodeHeap 'non-nmethods': size=5760Kb used=1136Kb max_used=1136Kb free=4623Kb
 bounds [0x0000017487530000, 0x00000174877a0000, 0x0000017487ad0000]
 total_blobs=739 nmethods=332 adapters=320
 compilation: enabled
              stopped_count=0, restarted_count=0
 full_count=0

Compilation events (20 events):
Event: 0.401 Thread 0x00000174916f4710 nmethod 315 0x000001748006bb10 code [0x000001748006be80, 0x000001748006d248]
Event: 0.401 Thread 0x00000174916f4710  321       3       jdk.internal.org.objectweb.asm.Frame::pop (42 bytes)
Event: 0.401 Thread 0x00000174916f4710 nmethod 321 0x000001748006d990 code [0x000001748006db40, 0x000001748006dcf8]
Event: 0.401 Thread 0x00000174916f4710  318       3       java.lang.invoke.LambdaForm::internArgument (85 bytes)
Event: 0.401 Thread 0x00000174916f4710 nmethod 318 0x000001748006de10 code [0x000001748006dfe0, 0x000001748006e348]
Event: 0.401 Thread 0x00000174916f4710  320       3       java.lang.invoke.MemberName::getReferenceKind (12 bytes)
Event: 0.401 Thread 0x00000174916f4710 nmethod 320 0x000001748006e510 code [0x000001748006e6a0, 0x000001748006e7b8]
Event: 0.401 Thread 0x00000174916f4710  322       3       java.lang.reflect.Modifier::isStatic (13 bytes)
Event: 0.401 Thread 0x00000174916f4710 nmethod 322 0x000001748006e890 code [0x000001748006ea20, 0x000001748006eb78]
Event: 0.401 Thread 0x00000174916f4710  323       3       java.lang.invoke.MemberName::isStatic (8 bytes)
Event: 0.401 Thread 0x00000174916f4710 nmethod 323 0x000001748006ec10 code [0x000001748006eda0, 0x000001748006ef78]
Event: 0.401 Thread 0x00000174916f4710  326       3       java.util.ImmutableCollections$ListN::get (7 bytes)
Event: 0.401 Thread 0x00000174916f4710 nmethod 326 0x000001748006f010 code [0x000001748006f1a0, 0x000001748006f2d8]
Event: 0.401 Thread 0x00000174916f4710  328       3       jdk.internal.org.objectweb.asm.Frame::pop (44 bytes)
Event: 0.402 Thread 0x00000174916f4710 nmethod 328 0x000001748006f390 code [0x000001748006f520, 0x000001748006f6b8]
Event: 0.402 Thread 0x00000174916f4710  329       3       java.lang.invoke.InvokerBytecodeGenerator::emitLoadInsn (21 bytes)
Event: 0.402 Thread 0x00000174916f4710 nmethod 329 0x000001748006f790 code [0x000001748006f940, 0x000001748006fb98]
Event: 0.402 Thread 0x00000174916f4710  331       3       jdk.internal.org.objectweb.asm.ByteVector::put11 (52 bytes)
Event: 0.402 Thread 0x00000174916f4710 nmethod 331 0x000001748006fd10 code [0x000001748006fec0, 0x00000174800700e8]
Event: 0.402 Thread 0x00000174916f4710  330       3       java.lang.invoke.InvokerBytecodeGenerator::loadInsnOpcode (98 bytes)

GC Heap History (0 events):
No events

Deoptimization events (4 events):
Event: 0.379 Thread 0x00000174ee968ee0 Uncommon trap: trap_request=0xffffff45 fr.pc=0x0000017487ae5988 relative=0x0000000000000268
Event: 0.379 Thread 0x00000174ee968ee0 Uncommon trap: reason=unstable_if action=reinterpret pc=0x0000017487ae5988 method=java.io.BufferedReader.read()I @ 19 c2
Event: 0.380 Thread 0x00000174ee968ee0 DEOPT PACKING pc=0x0000017487ae5988 sp=0x0000006b019fe510
Event: 0.380 Thread 0x00000174ee968ee0 DEOPT UNPACKING pc=0x0000017487585ba3 sp=0x0000006b019fe458 mode 2

Classes unloaded (0 events):
No events

Classes redefined (0 events):
No events

Internal exceptions (4 events):
Event: 0.382 Thread 0x00000174ee968ee0 Exception <a 'java/lang/NoSuchMethodError'{0x00000007130554b8}: 'java.lang.Object java.lang.invoke.DirectMethodHandle$Holder.invokeStaticInit(java.lang.Object)'> (0x00000007130554b8) 
thrown [s\open\src\hotspot\share\interpreter\linkResolver.cpp, line 759]
Event: 0.386 Thread 0x00000174ee968ee0 Exception <a 'java/lang/NoSuchMethodError'{0x00000007130620b8}: 'java.lang.Object java.lang.invoke.DirectMethodHandle$Holder.invokeStaticInit(java.lang.Object, java.lang.Object, long, java.lang.Object)'> (0x00000007130620b8) 
thrown [s\open\src\hotspot\share\interpreter\linkResolver.cpp, line 759]
Event: 0.387 Thread 0x00000174ee968ee0 Exception <a 'java/lang/NoSuchMethodError'{0x0000000713068578}: 'java.lang.Object java.lang.invoke.DirectMethodHandle$Holder.newInvokeSpecial(java.lang.Object, java.lang.Object, long)'> (0x0000000713068578) 
thrown [s\open\src\hotspot\share\interpreter\linkResolver.cpp, line 759]
Event: 0.387 Thread 0x00000174ee968ee0 Exception <a 'java/lang/NoSuchMethodError'{0x000000071306c0e8}: 'java.lang.Object java.lang.invoke.Invokers$Holder.linkToTargetMethod(java.lang.Object, long, java.lang.Object)'> (0x000000071306c0e8) 
thrown [s\open\src\hotspot\share\interpreter\linkResolver.cpp, line 759]

VM Operations (2 events):
Event: 0.287 Executing VM operation: HandshakeAllThreads
Event: 0.287 Executing VM operation: HandshakeAllThreads done

Events (20 events):
Event: 0.390 loading class jdk/internal/util/Preconditions$1
Event: 0.390 loading class java/util/function/BiFunction
Event: 0.390 loading class java/util/function/BiFunction done
Event: 0.391 loading class jdk/internal/util/Preconditions$1 done
Event: 0.391 loading class java/lang/invoke/VarHandleGuards
Event: 0.391 loading class java/lang/invoke/VarHandleGuards done
Event: 0.391 loading class java/lang/invoke/VarForm
Event: 0.391 loading class java/lang/invoke/VarForm done
Event: 0.391 loading class java/util/concurrent/locks/ReentrantLock$NonfairSync
Event: 0.391 loading class java/util/concurrent/locks/ReentrantLock$Sync
Event: 0.391 loading class java/util/concurrent/locks/AbstractQueuedSynchronizer
Event: 0.392 loading class java/util/concurrent/locks/AbstractQueuedSynchronizer done
Event: 0.392 loading class java/util/concurrent/locks/ReentrantLock$Sync done
Event: 0.392 loading class java/util/concurrent/locks/ReentrantLock$NonfairSync done
Event: 0.392 loading class java/util/concurrent/locks/AbstractQueuedSynchronizer$ConditionObject
Event: 0.392 loading class java/util/concurrent/locks/Condition
Event: 0.392 loading class java/util/concurrent/locks/Condition done
Event: 0.392 loading class java/util/concurrent/locks/AbstractQueuedSynchronizer$ConditionObject done
Event: 0.400 loading class java/lang/invoke/BoundMethodHandle$Species_LLLLLLL
Event: 0.400 loading class java/lang/invoke/BoundMethodHandle$Species_LLLLLLL done


Dynamic libraries:
0x00007ff7c3460000 - 0x00007ff7c3470000 	C:\Program Files\Java\jdk-17\bin\java.exe
0x00007fffa8a30000 - 0x00007fffa8c28000 	C:\windows\SYSTEM32\ntdll.dll
0x00007fffa6fc0000 - 0x00007fffa707d000 	C:\windows\System32\KERNEL32.DLL
0x00007fffa64f0000 - 0x00007fffa67e6000 	C:\windows\System32\KERNELBASE.dll
0x000000006b700000 - 0x000000006b79d000 	C:\ProgramData\Symantec\Symantec Endpoint Protection\14.3.9210.6000.105\Data\Sysfer\x64\sysfer.dll
0x00007fffa6890000 - 0x00007fffa6990000 	C:\windows\System32\ucrtbase.dll
0x00007fffa1330000 - 0x00007fffa1349000 	C:\Program Files\Java\jdk-17\bin\jli.dll
0x00007fff8d820000 - 0x00007fff8d83b000 	C:\Program Files\Java\jdk-17\bin\VCRUNTIME140.dll
0x00007fffa77f0000 - 0x00007fffa78a0000 	C:\windows\System32\ADVAPI32.dll
0x00007fffa83b0000 - 0x00007fffa844e000 	C:\windows\System32\msvcrt.dll
0x00007fffa8540000 - 0x00007fffa85e0000 	C:\windows\System32\sechost.dll
0x00007fffa7ff0000 - 0x00007fffa8113000 	C:\windows\System32\RPCRT4.dll
0x00007fffa69c0000 - 0x00007fffa69e7000 	C:\windows\System32\bcrypt.dll
0x00007fffa7e50000 - 0x00007fffa7fef000 	C:\windows\System32\USER32.dll
0x00007fffa6990000 - 0x00007fffa69b2000 	C:\windows\System32\win32u.dll
0x00007fffa6a60000 - 0x00007fffa6a8b000 	C:\windows\System32\GDI32.dll
0x00007fffa63d0000 - 0x00007fffa64e7000 	C:\windows\System32\gdi32full.dll
0x00007fffa67f0000 - 0x00007fffa688d000 	C:\windows\System32\msvcp_win.dll
0x00007fff9f010000 - 0x00007fff9f01a000 	C:\windows\SYSTEM32\VERSION.dll
0x00007fff84970000 - 0x00007fff84c0a000 	C:\windows\WinSxS\amd64_microsoft.windows.common-controls_6595b64144ccf1df_6.0.19041.3636_none_60b6a03d71f818d5\COMCTL32.dll
0x00007fffa88b0000 - 0x00007fffa88b8000 	C:\windows\System32\psapi.dll
0x00007fffa87c0000 - 0x00007fffa87f2000 	C:\windows\System32\IMM32.DLL
0x00007fffa1320000 - 0x00007fffa132c000 	C:\Program Files\Java\jdk-17\bin\vcruntime140_1.dll
0x00007fff761b0000 - 0x00007fff7623e000 	C:\Program Files\Java\jdk-17\bin\msvcp140.dll
0x00007fff64480000 - 0x00007fff6505e000 	C:\Program Files\Java\jdk-17\bin\server\jvm.dll
0x00007fff79750000 - 0x00007fff79759000 	C:\windows\SYSTEM32\WSOCK32.dll
0x00007fffa8340000 - 0x00007fffa83ab000 	C:\windows\System32\WS2_32.dll
0x00007fff800a0000 - 0x00007fff800c7000 	C:\windows\SYSTEM32\WINMM.dll
0x00007fffa45f0000 - 0x00007fffa4602000 	C:\windows\SYSTEM32\kernel.appcore.dll
0x00007fffa11f0000 - 0x00007fffa11fa000 	C:\Program Files\Java\jdk-17\bin\jimage.dll
0x00007fffa3b30000 - 0x00007fffa3d14000 	C:\windows\SYSTEM32\DBGHELP.DLL
0x00007fff6af00000 - 0x00007fff6af34000 	C:\windows\SYSTEM32\dbgcore.DLL
0x00007fffa62f0000 - 0x00007fffa6372000 	C:\windows\System32\bcryptPrimitives.dll
0x00007fff79120000 - 0x00007fff79145000 	C:\Program Files\Java\jdk-17\bin\java.dll
0x00007fff643a0000 - 0x00007fff64477000 	C:\Program Files\Java\jdk-17\bin\jsvml.dll
0x00007fffa7080000 - 0x00007fffa77eb000 	C:\windows\System32\SHELL32.dll
0x00007fffa3d20000 - 0x00007fffa44be000 	C:\windows\SYSTEM32\windows.storage.dll
0x00007fffa6a90000 - 0x00007fffa6de3000 	C:\windows\System32\combase.dll
0x00007fffa59c0000 - 0x00007fffa59ee000 	C:\windows\SYSTEM32\Wldp.dll
0x00007fffa86f0000 - 0x00007fffa87bd000 	C:\windows\System32\OLEAUT32.dll
0x00007fffa8640000 - 0x00007fffa86ed000 	C:\windows\System32\SHCORE.dll
0x00007fffa82e0000 - 0x00007fffa8335000 	C:\windows\System32\shlwapi.dll
0x00007fffa6010000 - 0x00007fffa6033000 	C:\windows\SYSTEM32\profapi.dll
0x00007fff843d0000 - 0x00007fff843e9000 	C:\Program Files\Java\jdk-17\bin\net.dll
0x00007fffa5000000 - 0x00007fffa510a000 	C:\windows\SYSTEM32\WINHTTP.dll
0x00007fffa5740000 - 0x00007fffa57aa000 	C:\windows\system32\mswsock.dll
0x00007fff84270000 - 0x00007fff84286000 	C:\Program Files\Java\jdk-17\bin\nio.dll
0x00007fff763a0000 - 0x00007fff763b8000 	C:\Program Files\Java\jdk-17\bin\zip.dll
0x00007fff72c10000 - 0x00007fff72c20000 	C:\Program Files\Java\jdk-17\bin\verify.dll
0x00007fff63f90000 - 0x00007fff63f99000 	C:\Program Files\Java\jdk-17\bin\attach.dll

dbghelp: loaded successfully - version: 4.0.5 - missing functions: none
symbol engine: initialized successfully - sym options: 0x614 - pdb path: .;C:\Program Files\Java\jdk-17\bin;C:\windows\SYSTEM32;C:\ProgramData\Symantec\Symantec Endpoint Protection\14.3.9210.6000.105\Data\Sysfer\x64;C:\windows\WinSxS\amd64_microsoft.windows.common-controls_6595b64144ccf1df_6.0.19041.3636_none_60b6a03d71f818d5;C:\Program Files\Java\jdk-17\bin\server

VM Arguments:
jvm_args: -Dnet.bytebuddy.agent.attacher.dump= 
java_command: net.bytebuddy.agent.Attacher com.sun.tools.attach.VirtualMachine 13960 C:\Users\LTerziev\.m2\repository\net\bytebuddy\byte-buddy-agent\1.14.11\byte-buddy-agent-1.14.11.jar false 
java_class_path (initial): C:\Users\LTerziev\.m2\repository\net\bytebuddy\byte-buddy-agent\1.14.11\byte-buddy-agent-1.14.11.jar
Launcher Type: SUN_STANDARD

[Global flags]
     intx CICompilerCount                          = 4                                         {product} {ergonomic}
     uint ConcGCThreads                            = 2                                         {product} {ergonomic}
     uint G1ConcRefinementThreads                  = 8                                         {product} {ergonomic}
   size_t G1HeapRegionSize                         = 2097152                                   {product} {ergonomic}
    uintx GCDrainStackTargetSize                   = 64                                        {product} {ergonomic}
   size_t InitialHeapSize                          = 266338304                                 {product} {ergonomic}
   size_t MarkStackSize                            = 4194304                                   {product} {ergonomic}
   size_t MaxHeapSize                              = 4238344192                                {product} {ergonomic}
   size_t MaxNewSize                               = 2541748224                                {product} {ergonomic}
   size_t MinHeapDeltaBytes                        = 2097152                                   {product} {ergonomic}
   size_t MinHeapSize                              = 8388608                                   {product} {ergonomic}
    uintx NonNMethodCodeHeapSize                   = 5839372                                {pd product} {ergonomic}
    uintx NonProfiledCodeHeapSize                  = 122909434                              {pd product} {ergonomic}
    uintx ProfiledCodeHeapSize                     = 122909434                              {pd product} {ergonomic}
    uintx ReservedCodeCacheSize                    = 251658240                              {pd product} {ergonomic}
     bool SegmentedCodeCache                       = true                                      {product} {ergonomic}
   size_t SoftMaxHeapSize                          = 4238344192                             {manageable} {ergonomic}
     bool UseCompressedClassPointers               = true                           {product lp64_product} {ergonomic}
     bool UseCompressedOops                        = true                           {product lp64_product} {ergonomic}
     bool UseG1GC                                  = true                                      {product} {ergonomic}
     bool UseLargePagesIndividualAllocation        = false                                  {pd product} {ergonomic}

Logging:
Log output configuration:
 #0: stdout all=warning uptime,level,tags
 #1: stderr all=off uptime,level,tags

Environment Variables:
PATH=C:\Program Files\Microsoft MPI\Bin\;C:\Program Files\Common Files\Oracle\Java\javapath;C:\Program Files (x86)\Common Files\Oracle\Java\javapath;C:\windows\system32;C:\windows;C:\windows\System32\Wbem;C:\windows\System32\WindowsPowerShell\v1.0\;C:\windows\System32\OpenSSH\;C:\Program Files (x86)\Sennheiser\SenncomSDK\;C:\Program Files\Docker\Docker\resources\bin;C:\Program Files\Git\cmd;C:\Program Files (x86)\Microsoft SQL Server\160\DTS\Binn\;C:\Program Files (x86)\Microsoft SQL Server\160\Tools\Binn\;C:\Program Files\Microsoft SQL Server\160\Tools\Binn\;C:\Program Files\Microsoft SQL Server\Client SDK\ODBC\170\Tools\Binn\;C:\Program Files\Microsoft SQL Server\160\DTS\Binn\;%MAVEN_HOME%\bin;C:\Users\LTerziev\AppData\Local\Microsoft\WindowsApps;
USERNAME=LTerziev
OS=Windows_NT
PROCESSOR_IDENTIFIER=Intel64 Family 6 Model 140 Stepping 1, GenuineIntel



---------------  S Y S T E M  ---------------

OS:
 Windows 10 , 64 bit Build 19041 (10.0.19041.3636)
OS uptime: 3 days 0:28 hours
Hyper-V role detected

CPU: total 8 (initial active 8) (4 cores per cpu, 2 threads per core) family 6 model 140 stepping 1 microcode 0x9a, cx8, cmov, fxsr, ht, mmx, 3dnowpref, sse, sse2, sse3, ssse3, sse4.1, sse4.2, popcnt, lzcnt, tsc, tscinvbit, avx, avx2, aes, erms, clmul, bmi1, bmi2, adx, avx512f, avx512dq, avx512cd, avx512bw, avx512vl, sha, fma, vzeroupper, avx512_vpopcntdq, avx512_vpclmulqdq, avx512_vaes, avx512_vnni, clflush, clflushopt, clwb, avx512_vbmi2, avx512_vbmi, hv

Memory: 4k page, system-wide physical 16167M (569M free)
TotalPageFile size 20263M (AvailPageFile size 5M)
current process WorkingSet (physical memory assigned to process): 38M, peak: 38M
current process commit charge ("private bytes"): 341M, peak: 342M

vm_info: Java HotSpot(TM) 64-Bit Server VM (17.0.8+9-LTS-211) for windows-amd64 JRE (17.0.8+9-LTS-211), built on Jun 14 2023 10:34:31 by "mach5one" with MS VC++ 17.1 (VS2022)

END.
