#
# There is insufficient memory for the Java Runtime Environment to continue.
# Native memory allocation (mmap) failed to map 266338304 bytes for G1 virtual space
# Possible reasons:
#   The system is out of physical RAM or swap space
#   The process is running with CompressedOops enabled, and the Java Heap may be blocking the growth of the native heap
# Possible solutions:
#   Reduce memory load on the system
#   Increase physical memory or swap space
#   Check if swap backing store is full
#   Decrease Java heap size (-Xmx/-Xms)
#   Decrease number of Java threads
#   Decrease Java thread stack sizes (-Xss)
#   Set larger code cache with -XX:ReservedCodeCacheSize=
#   JVM is running with Zero Based Compressed Oops mode in which the Java heap is
#     placed in the first 32GB address space. The Java Heap base address is the
#     maximum limit for the native heap growth. Please use -XX:HeapBaseMinAddress
#     to set the Java Heap base and to place the Java Heap above 32GB virtual address.
# This output file may be truncated or incomplete.
#
#  Out of Memory Error (os_windows.cpp:3550), pid=8944, tid=3876
#
# JRE version:  (17.0.8+9) (build )
# Java VM: Java HotSpot(TM) 64-Bit Server VM (17.0.8+9-LTS-211, mixed mode, sharing, tiered, compressed oops, compressed class ptrs, g1 gc, windows-amd64)
# No core dump will be written. Minidumps are not enabled by default on client versions of Windows
#

---------------  S U M M A R Y ------------

Command Line: -Dnet.bytebuddy.agent.attacher.dump= net.bytebuddy.agent.Attacher com.sun.tools.attach.VirtualMachine 1852 C:\Users\LTerziev\.m2\repository\net\bytebuddy\byte-buddy-agent\1.14.11\byte-buddy-agent-1.14.11.jar false 

Host: 11th Gen Intel(R) Core(TM) i5-1135G7 @ 2.40GHz, 8 cores, 15G,  Windows 10 , 64 bit Build 19041 (10.0.19041.3636)
Time: Wed May 15 14:55:03 2024 FLE Daylight Time elapsed time: 0.061334 seconds (0d 0h 0m 0s)

---------------  T H R E A D  ---------------

Current thread (0x00000268956abc90):  JavaThread "Unknown thread" [_thread_in_vm, id=3876, stack(0x0000007f6b700000,0x0000007f6b800000)]

Stack: [0x0000007f6b700000,0x0000007f6b800000]
Native frames: (J=compiled Java code, j=interpreted, Vv=VM code, C=native code)
V  [jvm.dll+0x677d0a]
V  [jvm.dll+0x7d8c54]
V  [jvm.dll+0x7da3fe]
V  [jvm.dll+0x7daa63]
V  [jvm.dll+0x245c5f]
V  [jvm.dll+0x674bb9]
V  [jvm.dll+0x6694f2]
V  [jvm.dll+0x3031d6]
V  [jvm.dll+0x30a756]
V  [jvm.dll+0x359f9e]
V  [jvm.dll+0x35a1cf]
V  [jvm.dll+0x2da3e8]
V  [jvm.dll+0x2db354]
V  [jvm.dll+0x7aa711]
V  [jvm.dll+0x367b51]
V  [jvm.dll+0x789979]
V  [jvm.dll+0x3eb05f]
V  [jvm.dll+0x3ecae1]
C  [jli.dll+0x5297]
C  [ucrtbase.dll+0x21bb2]
C  [KERNEL32.DLL+0x17344]
C  [ntdll.dll+0x526b1]


---------------  P R O C E S S  ---------------

Threads class SMR info:
_java_thread_list=0x00007ffdc59b59d8, length=0, elements={
}

Java Threads: ( => current thread )

Other Threads:
  0x0000026895717800 GCTaskThread "GC Thread#0" [stack: 0x0000007f6b800000,0x0000007f6b900000] [id=14276]
  0x00000268957281e0 ConcurrentGCThread "G1 Main Marker" [stack: 0x0000007f6b900000,0x0000007f6ba00000] [id=10920]
  0x0000026895728a00 ConcurrentGCThread "G1 Conc#0" [stack: 0x0000007f6ba00000,0x0000007f6bb00000] [id=16672]

[error occurred during error reporting (printing all threads), id 0xc0000005, EXCEPTION_ACCESS_VIOLATION (0xc0000005) at pc=0x00007ffdc51eb047]

VM state: not at safepoint (not fully initialized)

VM Mutex/Monitor currently owned by a thread:  ([mutex/lock_event])
[0x00000268956a7c20] Heap_lock - owner thread: 0x00000268956abc90

Heap address: 0x0000000703600000, size: 4042 MB, Compressed Oops mode: Zero based, Oop shift amount: 3

CDS archive(s) mapped at: [0x0000000000000000-0x0000000000000000-0x0000000000000000), size 0, SharedBaseAddress: 0x0000000800000000, ArchiveRelocationMode: 1.
Narrow klass base: 0x0000000000000000, Narrow klass shift: 0, Narrow klass range: 0x0

GC Precious Log:
<Empty>

Heap:
 garbage-first heap   total 0K, used 0K [0x0000000703600000, 0x0000000800000000)
  region size 2048K, 0 young (0K), 0 survivors (0K)

[error occurred during error reporting (printing heap information), id 0xc0000005, EXCEPTION_ACCESS_VIOLATION (0xc0000005) at pc=0x00007ffdc55d1499]

GC Heap History (0 events):
No events

Deoptimization events (0 events):
No events

Classes unloaded (0 events):
No events

Classes redefined (0 events):
No events

Internal exceptions (0 events):
No events

VM Operations (0 events):
No events

Events (1 events):
Event: 0.053 Loaded shared library C:\Program Files\Java\jdk-17\bin\java.dll


Dynamic libraries:
0x00007ff62c960000 - 0x00007ff62c970000 	C:\Program Files\Java\jdk-17\bin\java.exe
0x00007ffe3d910000 - 0x00007ffe3db08000 	C:\windows\SYSTEM32\ntdll.dll
0x00007ffe3bce0000 - 0x00007ffe3bd9d000 	C:\windows\System32\KERNEL32.DLL
0x00007ffe3afc0000 - 0x00007ffe3b2b6000 	C:\windows\System32\KERNELBASE.dll
0x0000000053c40000 - 0x0000000053cdd000 	C:\ProgramData\Symantec\Symantec Endpoint Protection\14.3.9210.6000.105\Data\Sysfer\x64\sysfer.dll
0x00007ffe18110000 - 0x00007ffe18129000 	C:\Program Files\Java\jdk-17\bin\jli.dll
0x00007ffe3c040000 - 0x00007ffe3c0f0000 	C:\windows\System32\ADVAPI32.dll
0x00007ffe3b940000 - 0x00007ffe3b9de000 	C:\windows\System32\msvcrt.dll
0x00007ffe3b840000 - 0x00007ffe3b940000 	C:\windows\System32\ucrtbase.dll
0x00007ffe3ca30000 - 0x00007ffe3cad0000 	C:\windows\System32\sechost.dll
0x00007ffe3c0f0000 - 0x00007ffe3c213000 	C:\windows\System32\RPCRT4.dll
0x00007ffe3b370000 - 0x00007ffe3b397000 	C:\windows\System32\bcrypt.dll
0x00007ffe3c3a0000 - 0x00007ffe3c53f000 	C:\windows\System32\USER32.dll
0x00007ffe3b4a0000 - 0x00007ffe3b4c2000 	C:\windows\System32\win32u.dll
0x00007ffe23600000 - 0x00007ffe2389a000 	C:\windows\WinSxS\amd64_microsoft.windows.common-controls_6595b64144ccf1df_6.0.19041.3636_none_60b6a03d71f818d5\COMCTL32.dll
0x00007ffe3c010000 - 0x00007ffe3c03b000 	C:\windows\System32\GDI32.dll
0x00007ffe3b6d0000 - 0x00007ffe3b7e7000 	C:\windows\System32\gdi32full.dll
0x00007ffe3b4d0000 - 0x00007ffe3b56d000 	C:\windows\System32\msvcp_win.dll
0x00007ffe337c0000 - 0x00007ffe337ca000 	C:\windows\SYSTEM32\VERSION.dll
0x00007ffe180f0000 - 0x00007ffe1810b000 	C:\Program Files\Java\jdk-17\bin\VCRUNTIME140.dll
0x00007ffe3bda0000 - 0x00007ffe3bda8000 	C:\windows\System32\psapi.dll
0x00007ffe3c540000 - 0x00007ffe3c572000 	C:\windows\System32\IMM32.DLL
0x00007ffe180e0000 - 0x00007ffe180ec000 	C:\Program Files\Java\jdk-17\bin\vcruntime140_1.dll
0x00007ffdc5ae0000 - 0x00007ffdc5b6e000 	C:\Program Files\Java\jdk-17\bin\msvcp140.dll
0x00007ffdc4f00000 - 0x00007ffdc5ade000 	C:\Program Files\Java\jdk-17\bin\server\jvm.dll
0x00007ffe10710000 - 0x00007ffe10719000 	C:\windows\SYSTEM32\WSOCK32.dll
0x00007ffe3baf0000 - 0x00007ffe3bb5b000 	C:\windows\System32\WS2_32.dll
0x00007ffe14d70000 - 0x00007ffe14d97000 	C:\windows\SYSTEM32\WINMM.dll
0x00007ffe394d0000 - 0x00007ffe394e2000 	C:\windows\SYSTEM32\kernel.appcore.dll
0x00007ffe180d0000 - 0x00007ffe180da000 	C:\Program Files\Java\jdk-17\bin\jimage.dll
0x00007ffe38a10000 - 0x00007ffe38bf4000 	C:\windows\SYSTEM32\DBGHELP.DLL
0x00007ffe040e0000 - 0x00007ffe04114000 	C:\windows\SYSTEM32\dbgcore.DLL
0x00007ffe3b3a0000 - 0x00007ffe3b422000 	C:\windows\System32\bcryptPrimitives.dll
0x00007ffdc4ea0000 - 0x00007ffdc4ec5000 	C:\Program Files\Java\jdk-17\bin\java.dll

dbghelp: loaded successfully - version: 4.0.5 - missing functions: none
symbol engine: initialized successfully - sym options: 0x614 - pdb path: .;C:\Program Files\Java\jdk-17\bin;C:\windows\SYSTEM32;C:\ProgramData\Symantec\Symantec Endpoint Protection\14.3.9210.6000.105\Data\Sysfer\x64;C:\windows\WinSxS\amd64_microsoft.windows.common-controls_6595b64144ccf1df_6.0.19041.3636_none_60b6a03d71f818d5;C:\Program Files\Java\jdk-17\bin\server

VM Arguments:
jvm_args: -Dnet.bytebuddy.agent.attacher.dump= 
java_command: net.bytebuddy.agent.Attacher com.sun.tools.attach.VirtualMachine 1852 C:\Users\LTerziev\.m2\repository\net\bytebuddy\byte-buddy-agent\1.14.11\byte-buddy-agent-1.14.11.jar false 
java_class_path (initial): C:\Users\LTerziev\.m2\repository\net\bytebuddy\byte-buddy-agent\1.14.11\byte-buddy-agent-1.14.11.jar
Launcher Type: SUN_STANDARD

[Global flags]
     intx CICompilerCount                          = 4                                         {product} {ergonomic}
     uint ConcGCThreads                            = 2                                         {product} {ergonomic}
     uint G1ConcRefinementThreads                  = 8                                         {product} {ergonomic}
   size_t G1HeapRegionSize                         = 2097152                                   {product} {ergonomic}
    uintx GCDrainStackTargetSize                   = 64                                        {product} {ergonomic}
   size_t InitialHeapSize                          = 266338304                                 {product} {ergonomic}
   size_t MarkStackSize                            = 4194304                                   {product} {ergonomic}
   size_t MaxHeapSize                              = 4238344192                                {product} {ergonomic}
   size_t MinHeapDeltaBytes                        = 2097152                                   {product} {ergonomic}
   size_t MinHeapSize                              = 8388608                                   {product} {ergonomic}
    uintx NonNMethodCodeHeapSize                   = 5839372                                {pd product} {ergonomic}
    uintx NonProfiledCodeHeapSize                  = 122909434                              {pd product} {ergonomic}
    uintx ProfiledCodeHeapSize                     = 122909434                              {pd product} {ergonomic}
    uintx ReservedCodeCacheSize                    = 251658240                              {pd product} {ergonomic}
     bool SegmentedCodeCache                       = true                                      {product} {ergonomic}
   size_t SoftMaxHeapSize                          = 4238344192                             {manageable} {ergonomic}
     bool UseCompressedClassPointers               = true                           {product lp64_product} {ergonomic}
     bool UseCompressedOops                        = true                           {product lp64_product} {ergonomic}
     bool UseG1GC                                  = true                                      {product} {ergonomic}
     bool UseLargePagesIndividualAllocation        = false                                  {pd product} {ergonomic}

Logging:
Log output configuration:
 #0: stdout all=warning uptime,level,tags
 #1: stderr all=off uptime,level,tags

Environment Variables:
PATH=C:\Program Files\Microsoft MPI\Bin\;C:\Program Files\Common Files\Oracle\Java\javapath;C:\Program Files (x86)\Common Files\Oracle\Java\javapath;C:\windows\system32;C:\windows;C:\windows\System32\Wbem;C:\windows\System32\WindowsPowerShell\v1.0\;C:\windows\System32\OpenSSH\;C:\Program Files (x86)\Sennheiser\SenncomSDK\;C:\Program Files\Docker\Docker\resources\bin;C:\Program Files\Git\cmd;C:\Program Files (x86)\Microsoft SQL Server\160\DTS\Binn\;C:\Program Files (x86)\Microsoft SQL Server\160\Tools\Binn\;C:\Program Files\Microsoft SQL Server\160\Tools\Binn\;C:\Program Files\Microsoft SQL Server\Client SDK\ODBC\170\Tools\Binn\;C:\Program Files\Microsoft SQL Server\160\DTS\Binn\;%MAVEN_HOME%\bin;C:\Users\LTerziev\AppData\Local\Microsoft\WindowsApps;
USERNAME=LTerziev
OS=Windows_NT
PROCESSOR_IDENTIFIER=Intel64 Family 6 Model 140 Stepping 1, GenuineIntel



---------------  S Y S T E M  ---------------

OS:
 Windows 10 , 64 bit Build 19041 (10.0.19041.3636)
OS uptime: 1 days 4:39 hours
Hyper-V role detected

CPU: total 8 (initial active 8) (4 cores per cpu, 2 threads per core) family 6 model 140 stepping 1 microcode 0x9a, cx8, cmov, fxsr, ht, mmx, 3dnowpref, sse, sse2, sse3, ssse3, sse4.1, sse4.2, popcnt, lzcnt, tsc, tscinvbit, avx, avx2, aes, erms, clmul, bmi1, bmi2, adx, avx512f, avx512dq, avx512cd, avx512bw, avx512vl, sha, fma, vzeroupper, avx512_vpopcntdq, avx512_vpclmulqdq, avx512_vaes, avx512_vnni, clflush, clflushopt, clwb, avx512_vbmi2, avx512_vbmi, hv

Memory: 4k page, system-wide physical 16167M (2007M free)
TotalPageFile size 20263M (AvailPageFile size 253M)
current process WorkingSet (physical memory assigned to process): 11M, peak: 11M
current process commit charge ("private bytes"): 60M, peak: 314M

vm_info: Java HotSpot(TM) 64-Bit Server VM (17.0.8+9-LTS-211) for windows-amd64 JRE (17.0.8+9-LTS-211), built on Jun 14 2023 10:34:31 by "mach5one" with MS VC++ 17.1 (VS2022)

END.
